2023-05-11 11:01:33,961 - INFO - ic-campinas
2023-05-11 11:01:33,962 - INFO - details
2023-05-11 11:01:35,263 - INFO - (340, 9)
2023-05-11 11:01:35,263 - INFO - posts
2023-05-11 11:01:36,364 - INFO - (296, 8)
2023-05-11 11:01:36,392 - INFO - (444, 9)
2023-05-11 11:03:23,819 - INFO - ic-campinas
2023-05-11 11:03:23,820 - INFO - details
2023-05-11 11:03:24,734 - INFO - (340, 9)
2023-05-11 11:03:24,734 - INFO - posts
2023-05-11 11:03:25,610 - INFO - (296, 8)
2023-05-11 11:03:25,623 - INFO - (444, 9)
2023-05-11 11:03:25,833 - INFO - File saved to ./social-media-insights/data/consolidados/ic-campinas-consolidados_2023-05-11.parquet
2023-05-11 11:03:25,990 - INFO - File saved to s3
2023-05-11 11:03:25,990 - INFO - ic-saobernardo
2023-05-11 11:03:25,990 - INFO - details
2023-05-11 11:03:27,095 - INFO - (195, 9)
2023-05-11 11:03:27,096 - INFO - posts
2023-05-11 11:03:28,141 - INFO - (605, 8)
2023-05-11 11:03:28,152 - INFO - (632, 9)
2023-05-11 11:03:28,172 - INFO - File saved to ./social-media-insights/data/consolidados/ic-saobernardo-consolidados_2023-05-11.parquet
2023-05-11 11:03:28,222 - INFO - File saved to s3
2023-05-12 04:00:02,983 - INFO - ic-campinas
2023-05-12 04:00:02,983 - INFO - details
2023-05-12 04:00:04,995 - INFO - (353, 9)
2023-05-12 04:00:04,995 - INFO - posts
2023-05-12 04:00:06,575 - INFO - (315, 8)
2023-05-12 04:00:06,587 - INFO - (464, 9)
2023-05-12 04:00:06,607 - INFO - File saved to ./social-media-insights/data/consolidados/ic-campinas-consolidados_2023-05-12.parquet
2023-05-12 04:00:06,752 - INFO - File saved to s3
2023-05-12 04:00:06,752 - INFO - ic-saobernardo
2023-05-12 04:00:06,752 - INFO - details
2023-05-12 04:00:07,961 - INFO - (208, 9)
2023-05-12 04:00:07,961 - INFO - posts
2023-05-12 04:00:09,224 - INFO - (656, 8)
2023-05-12 04:00:09,236 - INFO - (684, 9)
2023-05-12 04:00:09,242 - INFO - File saved to ./social-media-insights/data/consolidados/ic-saobernardo-consolidados_2023-05-12.parquet
2023-05-12 04:00:09,282 - INFO - File saved to s3
2023-05-13 04:00:02,514 - INFO - ic-campinas
2023-05-13 04:00:02,514 - INFO - details
2023-05-13 04:00:04,537 - INFO - (366, 9)
2023-05-13 04:00:04,537 - INFO - posts
2023-05-13 04:00:06,162 - INFO - (334, 8)
2023-05-13 04:00:06,173 - INFO - (484, 9)
2023-05-13 04:00:06,193 - INFO - File saved to ./social-media-insights/data/consolidados/ic-campinas-consolidados_2023-05-13.parquet
2023-05-13 04:00:06,354 - INFO - File saved to s3
2023-05-13 04:00:06,354 - INFO - ic-saobernardo
2023-05-13 04:00:06,354 - INFO - details
2023-05-13 04:00:07,746 - INFO - (221, 9)
2023-05-13 04:00:07,746 - INFO - posts
2023-05-13 04:00:09,123 - INFO - (708, 8)
2023-05-13 04:00:09,135 - INFO - (737, 9)
2023-05-13 04:00:09,141 - INFO - File saved to ./social-media-insights/data/consolidados/ic-saobernardo-consolidados_2023-05-13.parquet
2023-05-13 04:00:09,176 - INFO - File saved to s3
2023-05-14 04:00:02,425 - INFO - ic-campinas
2023-05-14 04:00:02,425 - INFO - details
2023-05-14 04:00:04,992 - INFO - (379, 9)
2023-05-14 04:00:04,992 - INFO - posts
2023-05-14 04:00:06,538 - INFO - (353, 8)
2023-05-14 04:00:06,550 - INFO - (504, 9)
2023-05-14 04:00:06,571 - INFO - File saved to ./social-media-insights/data/consolidados/ic-campinas-consolidados_2023-05-14.parquet
2023-05-14 04:00:06,765 - INFO - File saved to s3
2023-05-14 04:00:06,766 - INFO - ic-saobernardo
2023-05-14 04:00:06,766 - INFO - details
2023-05-14 04:00:08,261 - INFO - (234, 9)
2023-05-14 04:00:08,261 - INFO - posts
2023-05-14 04:00:09,708 - INFO - (761, 8)
2023-05-14 04:00:09,720 - INFO - (791, 9)
2023-05-14 04:00:09,726 - INFO - File saved to ./social-media-insights/data/consolidados/ic-saobernardo-consolidados_2023-05-14.parquet
2023-05-14 04:00:09,798 - INFO - File saved to s3
2023-05-15 04:00:02,899 - INFO - ic-campinas
2023-05-15 04:00:02,901 - INFO - details
2023-05-15 04:00:05,068 - INFO - (392, 9)
2023-05-15 04:00:05,068 - INFO - posts
2023-05-15 04:00:06,893 - INFO - (372, 8)
2023-05-15 04:00:06,911 - INFO - (524, 9)
2023-05-15 04:00:06,937 - INFO - File saved to ./social-media-insights/data/consolidados/ic-campinas-consolidados_2023-05-15.parquet
2023-05-15 04:00:07,137 - INFO - File saved to s3
2023-05-15 04:00:07,137 - INFO - ic-saobernardo
2023-05-15 04:00:07,137 - INFO - details
2023-05-15 04:00:08,637 - INFO - (247, 9)
2023-05-15 04:00:08,637 - INFO - posts
2023-05-15 04:00:10,267 - INFO - (816, 8)
2023-05-15 04:00:10,280 - INFO - (847, 9)
2023-05-15 04:00:10,286 - INFO - File saved to ./social-media-insights/data/consolidados/ic-saobernardo-consolidados_2023-05-15.parquet
2023-05-15 04:00:10,357 - INFO - File saved to s3
2023-05-16 04:00:02,857 - INFO - ic-campinas
2023-05-16 04:00:02,857 - INFO - details
2023-05-16 04:00:05,134 - INFO - (405, 9)
2023-05-16 04:00:05,134 - INFO - posts
2023-05-16 04:00:06,988 - INFO - (391, 8)
2023-05-16 04:00:07,000 - INFO - (544, 9)
2023-05-16 04:00:07,021 - INFO - File saved to ./social-media-insights/data/consolidados/ic-campinas-consolidados_2023-05-16.parquet
2023-05-16 04:00:07,183 - INFO - File saved to s3
2023-05-16 04:00:07,184 - INFO - ic-saobernardo
2023-05-16 04:00:07,184 - INFO - details
2023-05-16 04:00:08,748 - INFO - (260, 9)
2023-05-16 04:00:08,749 - INFO - posts
2023-05-16 04:00:10,413 - INFO - (871, 8)
2023-05-16 04:00:10,426 - INFO - (903, 9)
2023-05-16 04:00:10,433 - INFO - File saved to ./social-media-insights/data/consolidados/ic-saobernardo-consolidados_2023-05-16.parquet
2023-05-16 04:00:10,509 - INFO - File saved to s3
2023-05-18 09:26:34,702 - INFO - ic-campinas
2023-05-18 09:26:34,703 - INFO - details
2023-05-18 09:26:36,481 - INFO - (405, 9)
2023-05-18 09:26:36,482 - INFO - posts
2023-05-18 09:26:38,239 - INFO - (391, 8)
2023-05-18 09:26:38,266 - INFO - (544, 9)
2023-05-18 09:26:38,422 - INFO - File saved to ./social-media-insights/data/consolidados/ic-campinas-consolidados_2023-05-18.parquet
2023-05-18 09:26:38,604 - INFO - File saved to s3
2023-05-18 09:26:38,605 - INFO - ic-saobernardo
2023-05-18 09:26:38,605 - INFO - details
2023-05-18 09:26:40,049 - INFO - (260, 9)
2023-05-18 09:26:40,049 - INFO - posts
2023-05-18 09:26:41,699 - INFO - (871, 8)
2023-05-18 09:26:41,712 - INFO - (903, 9)
2023-05-18 09:26:41,724 - INFO - File saved to ./social-media-insights/data/consolidados/ic-saobernardo-consolidados_2023-05-18.parquet
2023-05-18 09:26:41,781 - INFO - File saved to s3
